# project  configured on Sun Dec  9 22:30:29 2012 by
# waf 1.7.0 (abi 98, python 20703f0 on linux2)
# using ./waf configure
#
----------------------------------------
Setting top to
/home/sghose/GCI/libsoy
----------------------------------------
Setting out to
/home/sghose/GCI/libsoy/build
----------------------------------------
Checking for 'gcc' (c compiler)
find program=['gcc', 'cc'] paths=['/usr/local/sbin', '/usr/local/bin', '/usr/sbin', '/usr/bin', '/sbin', '/bin'] var='CC' -> '/usr/bin/gcc'
find program=['ar'] paths=['/usr/local/sbin', '/usr/local/bin', '/usr/sbin', '/usr/bin', '/sbin', '/bin'] var='AR' -> '/usr/bin/ar'
/usr/bin/gcc
----------------------------------------
Checking for program pkg-config
/usr/bin/pkg-config
find program=['pkg-config'] paths=['/usr/local/sbin', '/usr/local/bin', '/usr/sbin', '/usr/bin', '/sbin', '/bin'] var='PKGCONFIG' -> '/usr/bin/pkg-config'
----------------------------------------
Checking for 'gobject-2.0' >= 2.32
['/usr/bin/pkg-config', '--atleast-version=2.32', 'gobject-2.0']
['/usr/bin/pkg-config', 'gobject-2.0', '--cflags', '--libs']
out: -I/usr/include/glib-2.0 -I/usr/lib/i386-linux-gnu/glib-2.0/include  -lgobject-2.0 -lglib-2.0  

yes
----------------------------------------
Checking for 'gthread-2.0' >= 2.32
['/usr/bin/pkg-config', '--atleast-version=2.32', 'gthread-2.0']
['/usr/bin/pkg-config', 'gthread-2.0', '--cflags', '--libs']
out: -pthread -I/usr/include/glib-2.0 -I/usr/lib/i386-linux-gnu/glib-2.0/include  -pthread -lgthread-2.0 -lrt -lglib-2.0  

yes
----------------------------------------
Checking for program valac-0.20
not found
find program=['valac-0.20'] paths=['/usr/local/sbin', '/usr/local/bin', '/usr/sbin', '/usr/bin', '/sbin', '/bin'] var='VALAC' -> ''
from /home/sghose/GCI/libsoy: Could not find the program valac-0.20
----------------------------------------
Checking for program valac-0.18
/usr/bin/valac-0.18
find program=['valac-0.18'] paths=['/usr/local/sbin', '/usr/local/bin', '/usr/sbin', '/usr/bin', '/sbin', '/bin'] var='VALAC' -> '/usr/bin/valac-0.18'
/usr/bin/valac-0.18 --version
out: Vala 0.18.1

---------------------------------------------
Checking for valac-0.18 version >= (0, 18, 0)
(0, 18, 1)
(tool gnu_dirs is already loaded, skipping)
---------------------------------------------
Checking for program orcc
/usr/bin/orcc
find program=['orcc'] paths=['/usr/local/sbin', '/usr/local/bin', '/usr/sbin', '/usr/bin', '/sbin', '/bin'] var='ORCC' -> '/usr/bin/orcc'
---------------------------------------------
Checking for 'dbus-glib-1'
['/usr/bin/pkg-config', 'dbus-glib-1', '--cflags', '--libs']
out: -I/usr/include/dbus-1.0 -I/usr/lib/i386-linux-gnu/dbus-1.0/include -I/usr/include/glib-2.0 -I/usr/lib/i386-linux-gnu/glib-2.0/include  -ldbus-glib-1 -ldbus-1 -lgobject-2.0 -lglib-2.0  

yes
---------------------------------------------
Checking for 'gee-1.0' >= 0.5.0
['/usr/bin/pkg-config', '--atleast-version=0.5.0', 'gee-1.0']
['/usr/bin/pkg-config', 'gee-1.0', '--cflags', '--libs']
out: -I/usr/include/gee-1.0 -I/usr/include/glib-2.0 -I/usr/lib/i386-linux-gnu/glib-2.0/include  -lgee -lgobject-2.0 -lglib-2.0  

yes
---------------------------------------------
Checking for 'librsvg-2.0' >= 2.36.0
['/usr/bin/pkg-config', '--atleast-version=2.36.0', 'librsvg-2.0']
['/usr/bin/pkg-config', 'librsvg-2.0', '--cflags', '--libs']
out: -pthread -I/usr/include/librsvg-2.0 -I/usr/include/glib-2.0 -I/usr/lib/i386-linux-gnu/glib-2.0/include -I/usr/include/gdk-pixbuf-2.0 -I/usr/include/cairo -I/usr/include/libpng12 -I/usr/include/pixman-1 -I/usr/include/freetype2  -lrsvg-2 -lm -lgio-2.0 -lgdk_pixbuf-2.0 -lcairo -lgobject-2.0 -lglib-2.0  

yes
---------------------------------------------
Checking for 'loudmouth-1.0' >= 1.0
['/usr/bin/pkg-config', '--atleast-version=1.0', 'loudmouth-1.0']
['/usr/bin/pkg-config', 'loudmouth-1.0', '--cflags', '--libs']
out: -I/usr/include/glib-2.0 -I/usr/lib/i386-linux-gnu/glib-2.0/include -I/usr/include/loudmouth-1.0  -lloudmouth-1 -lidn -lglib-2.0  

yes
---------------------------------------------
Checking for 'nice' >= 0.1
['/usr/bin/pkg-config', '--atleast-version=0.1', 'nice']
['/usr/bin/pkg-config', 'nice', '--cflags', '--libs']
out: -pthread -I/usr/include/glib-2.0 -I/usr/lib/i386-linux-gnu/glib-2.0/include -I/usr/include/nice  -pthread -lnice -lgthread-2.0 -lrt -lgio-2.0 -lgobject-2.0 -lglib-2.0  

yes
---------------------------------------------
Checking for 'bluez'
['/usr/bin/pkg-config', 'bluez', '--cflags', '--libs']
out:  -lbluetooth  

yes
---------------------------------------------
Checking for 'glesv1_cm'
['/usr/bin/pkg-config', 'glesv1_cm', '--cflags', '--libs']
out:  -lGLESv1_CM  

yes
---------------------------------------------
Checking for 'ode'
['/usr/bin/pkg-config', 'ode', '--cflags', '--libs']
out: -DdDOUBLE  -lode  

yes
